<?xml version="1.0" encoding="UTF-8"?>
<testng-results skipped="0" failed="0" ignored="1" total="2" passed="1">
  <reporter-output>
  </reporter-output>
  <suite name="Default suite" duration-ms="82" started-at="2021-02-27T14:46:18 IST" finished-at="2021-02-27T14:46:19 IST">
    <groups>
    </groups>
    <test name="Default test" duration-ms="82" started-at="2021-02-27T14:46:18 IST" finished-at="2021-02-27T14:46:19 IST">
      <class name="corejava2.Dateformat">
        <test-method status="PASS" signature="calenderc()[pri:0, instance:corejava2.Dateformat@a7e666]" name="calenderc" duration-ms="26" started-at="2021-02-27T14:46:19 IST" finished-at="2021-02-27T14:46:19 IST">
          <reporter-output>
          </reporter-output>
        </test-method> <!-- calenderc -->
      </class> <!-- corejava2.Dateformat -->
    </test> <!-- Default test -->
  </suite> <!-- Default suite -->
</testng-results>
